{"/Users/henrygreen/Desktop/reviews/client/LinkBox.jsx": {"path":"/Users/henrygreen/Desktop/reviews/client/LinkBox.jsx","statementMap":{"0":{"start":{"line":5,"column":12},"end":{"line":11,"column":1}},"1":{"start":{"line":14,"column":19},"end":{"line":14,"column":24}},"2":{"start":{"line":15,"column":21},"end":{"line":15,"column":37}},"3":{"start":{"line":16,"column":22},"end":{"line":16,"column":39}},"4":{"start":{"line":18,"column":2},"end":{"line":36,"column":4}},"5":{"start":{"line":40,"column":0},"end":{"line":42,"column":2}}},"fnMap":{"0":{"name":"LinkBox","decl":{"start":{"line":13,"column":24},"end":{"line":13,"column":31}},"loc":{"start":{"line":13,"column":39},"end":{"line":37,"column":1}},"line":13}},"branchMap":{},"s":{"0":4,"1":2,"2":2,"3":2,"4":2,"5":4},"f":{"0":2},"b":{},"_coverageSchema":"332fd63041d2c1bcb487cc26dd0d5f7d97098a6c","hash":"19adc6f550e26c88b9ffa1df26edb644abfb348c"}
,"/Users/henrygreen/Desktop/reviews/client/ReviewModule.jsx": {"path":"/Users/henrygreen/Desktop/reviews/client/ReviewModule.jsx","statementMap":{"0":{"start":{"line":8,"column":4},"end":{"line":8,"column":12}},"1":{"start":{"line":9,"column":4},"end":{"line":28,"column":6}},"2":{"start":{"line":29,"column":4},"end":{"line":29,"column":45}},"3":{"start":{"line":30,"column":4},"end":{"line":30,"column":61}},"4":{"start":{"line":31,"column":4},"end":{"line":31,"column":59}},"5":{"start":{"line":32,"column":4},"end":{"line":32,"column":61}},"6":{"start":{"line":36,"column":25},"end":{"line":36,"column":55}},"7":{"start":{"line":37,"column":4},"end":{"line":37,"column":36}},"8":{"start":{"line":41,"column":4},"end":{"line":49,"column":7}},"9":{"start":{"line":46,"column":8},"end":{"line":46,"column":45}},"10":{"start":{"line":47,"column":8},"end":{"line":47,"column":32}},"11":{"start":{"line":53,"column":4},"end":{"line":53,"column":23}},"12":{"start":{"line":54,"column":4},"end":{"line":54,"column":50}},"13":{"start":{"line":58,"column":4},"end":{"line":61,"column":7}},"14":{"start":{"line":65,"column":4},"end":{"line":65,"column":23}},"15":{"start":{"line":66,"column":20},"end":{"line":66,"column":45}},"16":{"start":{"line":67,"column":21},"end":{"line":67,"column":23}},"17":{"start":{"line":68,"column":22},"end":{"line":68,"column":24}},"18":{"start":{"line":69,"column":4},"end":{"line":71,"column":5}},"19":{"start":{"line":70,"column":6},"end":{"line":70,"column":25}},"20":{"start":{"line":72,"column":4},"end":{"line":74,"column":5}},"21":{"start":{"line":73,"column":6},"end":{"line":73,"column":26}},"22":{"start":{"line":75,"column":4},"end":{"line":75,"column":62}},"23":{"start":{"line":79,"column":14},"end":{"line":79,"column":15}},"24":{"start":{"line":80,"column":4},"end":{"line":85,"column":5}},"25":{"start":{"line":81,"column":6},"end":{"line":81,"column":70}},"26":{"start":{"line":81,"column":48},"end":{"line":81,"column":64}},"27":{"start":{"line":82,"column":18},"end":{"line":82,"column":43}},"28":{"start":{"line":83,"column":6},"end":{"line":83,"column":39}},"29":{"start":{"line":84,"column":6},"end":{"line":84,"column":17}},"30":{"start":{"line":86,"column":4},"end":{"line":86,"column":35}},"31":{"start":{"line":87,"column":4},"end":{"line":87,"column":13}},"32":{"start":{"line":93,"column":8},"end":{"line":93,"column":18}},"33":{"start":{"line":95,"column":17},"end":{"line":95,"column":35}},"34":{"start":{"line":96,"column":4},"end":{"line":111,"column":6}}},"fnMap":{"0":{"name":"(anonymous_0)","decl":{"start":{"line":7,"column":2},"end":{"line":7,"column":3}},"loc":{"start":{"line":7,"column":16},"end":{"line":33,"column":3}},"line":7},"1":{"name":"(anonymous_1)","decl":{"start":{"line":35,"column":2},"end":{"line":35,"column":3}},"loc":{"start":{"line":35,"column":22},"end":{"line":38,"column":3}},"line":35},"2":{"name":"(anonymous_2)","decl":{"start":{"line":40,"column":2},"end":{"line":40,"column":3}},"loc":{"start":{"line":40,"column":29},"end":{"line":50,"column":3}},"line":40},"3":{"name":"(anonymous_3)","decl":{"start":{"line":45,"column":15},"end":{"line":45,"column":16}},"loc":{"start":{"line":45,"column":29},"end":{"line":48,"column":7}},"line":45},"4":{"name":"(anonymous_4)","decl":{"start":{"line":52,"column":2},"end":{"line":52,"column":3}},"loc":{"start":{"line":52,"column":22},"end":{"line":55,"column":3}},"line":52},"5":{"name":"(anonymous_5)","decl":{"start":{"line":57,"column":2},"end":{"line":57,"column":3}},"loc":{"start":{"line":57,"column":21},"end":{"line":62,"column":3}},"line":57},"6":{"name":"(anonymous_6)","decl":{"start":{"line":64,"column":2},"end":{"line":64,"column":3}},"loc":{"start":{"line":64,"column":21},"end":{"line":76,"column":3}},"line":64},"7":{"name":"(anonymous_7)","decl":{"start":{"line":78,"column":2},"end":{"line":78,"column":3}},"loc":{"start":{"line":78,"column":25},"end":{"line":88,"column":3}},"line":78},"8":{"name":"(anonymous_8)","decl":{"start":{"line":81,"column":32},"end":{"line":81,"column":33}},"loc":{"start":{"line":81,"column":48},"end":{"line":81,"column":64}},"line":81},"9":{"name":"(anonymous_9)","decl":{"start":{"line":90,"column":2},"end":{"line":90,"column":3}},"loc":{"start":{"line":90,"column":11},"end":{"line":112,"column":3}},"line":90}},"branchMap":{"0":{"loc":{"start":{"line":80,"column":4},"end":{"line":85,"column":5}},"type":"if","locations":[{"start":{"line":80,"column":4},"end":{"line":85,"column":5}},{"start":{"line":80,"column":4},"end":{"line":85,"column":5}}],"line":80}},"s":{"0":5,"1":5,"2":5,"3":5,"4":5,"5":5,"6":5,"7":5,"8":5,"9":0,"10":0,"11":0,"12":0,"13":1,"14":1,"15":1,"16":1,"17":1,"18":1,"19":2,"20":1,"21":3,"22":1,"23":1,"24":1,"25":1,"26":2,"27":1,"28":1,"29":1,"30":0,"31":0,"32":8,"33":8,"34":8},"f":{"0":5,"1":5,"2":5,"3":0,"4":0,"5":1,"6":1,"7":1,"8":2,"9":8},"b":{"0":[1,0]},"_coverageSchema":"332fd63041d2c1bcb487cc26dd0d5f7d97098a6c","hash":"3f11abadb269de64b86595a88f60ee305b6ac0c0"}
,"/Users/henrygreen/Desktop/reviews/client/Reviews.jsx": {"path":"/Users/henrygreen/Desktop/reviews/client/Reviews.jsx","statementMap":{"0":{"start":{"line":7,"column":14},"end":{"line":9,"column":1}},"1":{"start":{"line":11,"column":16},"end":{"line":18,"column":1}},"2":{"start":{"line":20,"column":20},"end":{"line":24,"column":1}},"3":{"start":{"line":26,"column":20},"end":{"line":31,"column":1}},"4":{"start":{"line":33,"column":19},"end":{"line":38,"column":1}},"5":{"start":{"line":40,"column":19},"end":{"line":45,"column":1}},"6":{"start":{"line":49,"column":4},"end":{"line":49,"column":17}},"7":{"start":{"line":50,"column":4},"end":{"line":51,"column":6}},"8":{"start":{"line":55,"column":24},"end":{"line":55,"column":34}},"9":{"start":{"line":56,"column":4},"end":{"line":82,"column":6}},"10":{"start":{"line":59,"column":10},"end":{"line":79,"column":23}},"11":{"start":{"line":86,"column":0},"end":{"line":88,"column":2}}},"fnMap":{"0":{"name":"(anonymous_0)","decl":{"start":{"line":48,"column":2},"end":{"line":48,"column":3}},"loc":{"start":{"line":48,"column":21},"end":{"line":52,"column":3}},"line":48},"1":{"name":"(anonymous_1)","decl":{"start":{"line":54,"column":2},"end":{"line":54,"column":3}},"loc":{"start":{"line":54,"column":11},"end":{"line":83,"column":3}},"line":54},"2":{"name":"(anonymous_2)","decl":{"start":{"line":58,"column":21},"end":{"line":58,"column":22}},"loc":{"start":{"line":59,"column":10},"end":{"line":79,"column":23}},"line":59}},"branchMap":{},"s":{"0":2,"1":2,"2":2,"3":2,"4":2,"5":2,"6":1,"7":1,"8":1,"9":1,"10":1,"11":2},"f":{"0":1,"1":1,"2":1},"b":{},"_coverageSchema":"332fd63041d2c1bcb487cc26dd0d5f7d97098a6c","hash":"5a41ba96df867e42edf175ff2e6068ae896a3c98"}
,"/Users/henrygreen/Desktop/reviews/client/Stardate.jsx": {"path":"/Users/henrygreen/Desktop/reviews/client/Stardate.jsx","statementMap":{"0":{"start":{"line":5,"column":17},"end":{"line":7,"column":1}},"1":{"start":{"line":11,"column":4},"end":{"line":11,"column":17}},"2":{"start":{"line":13,"column":4},"end":{"line":16,"column":6}},"3":{"start":{"line":20,"column":30},"end":{"line":20,"column":40}},"4":{"start":{"line":21,"column":21},"end":{"line":21,"column":23}},"5":{"start":{"line":22,"column":22},"end":{"line":22,"column":24}},"6":{"start":{"line":23,"column":4},"end":{"line":25,"column":5}},"7":{"start":{"line":24,"column":6},"end":{"line":24,"column":25}},"8":{"start":{"line":26,"column":4},"end":{"line":28,"column":5}},"9":{"start":{"line":27,"column":6},"end":{"line":27,"column":26}},"10":{"start":{"line":29,"column":4},"end":{"line":29,"column":62}},"11":{"start":{"line":30,"column":4},"end":{"line":30,"column":28}},"12":{"start":{"line":34,"column":17},"end":{"line":34,"column":33}},"13":{"start":{"line":35,"column":18},"end":{"line":35,"column":34}},"14":{"start":{"line":36,"column":16},"end":{"line":36,"column":33}},"15":{"start":{"line":37,"column":26},"end":{"line":37,"column":51}},"16":{"start":{"line":38,"column":4},"end":{"line":38,"column":49}},"17":{"start":{"line":42,"column":46},"end":{"line":42,"column":56}},"18":{"start":{"line":43,"column":4},"end":{"line":67,"column":6}},"19":{"start":{"line":47,"column":12},"end":{"line":51,"column":14}},"20":{"start":{"line":56,"column":12},"end":{"line":60,"column":14}},"21":{"start":{"line":71,"column":0},"end":{"line":74,"column":2}}},"fnMap":{"0":{"name":"(anonymous_0)","decl":{"start":{"line":10,"column":2},"end":{"line":10,"column":3}},"loc":{"start":{"line":10,"column":21},"end":{"line":17,"column":3}},"line":10},"1":{"name":"(anonymous_1)","decl":{"start":{"line":19,"column":2},"end":{"line":19,"column":3}},"loc":{"start":{"line":19,"column":22},"end":{"line":31,"column":3}},"line":19},"2":{"name":"(anonymous_2)","decl":{"start":{"line":33,"column":2},"end":{"line":33,"column":3}},"loc":{"start":{"line":33,"column":19},"end":{"line":39,"column":3}},"line":33},"3":{"name":"(anonymous_3)","decl":{"start":{"line":41,"column":2},"end":{"line":41,"column":3}},"loc":{"start":{"line":41,"column":11},"end":{"line":68,"column":3}},"line":41},"4":{"name":"(anonymous_4)","decl":{"start":{"line":46,"column":23},"end":{"line":46,"column":24}},"loc":{"start":{"line":47,"column":12},"end":{"line":51,"column":14}},"line":47},"5":{"name":"(anonymous_5)","decl":{"start":{"line":55,"column":24},"end":{"line":55,"column":25}},"loc":{"start":{"line":56,"column":12},"end":{"line":60,"column":14}},"line":56}},"branchMap":{},"s":{"0":4,"1":1,"2":1,"3":1,"4":1,"5":1,"6":1,"7":3,"8":1,"9":2,"10":1,"11":1,"12":1,"13":1,"14":1,"15":1,"16":1,"17":3,"18":3,"19":6,"20":9,"21":4},"f":{"0":1,"1":1,"2":1,"3":3,"4":6,"5":9},"b":{},"_coverageSchema":"332fd63041d2c1bcb487cc26dd0d5f7d97098a6c","hash":"840fd6748aa8d574490c9cd7594afe468336a7d6"}
,"/Users/henrygreen/Desktop/reviews/client/TextBox.jsx": {"path":"/Users/henrygreen/Desktop/reviews/client/TextBox.jsx","statementMap":{"0":{"start":{"line":6,"column":37},"end":{"line":6,"column":42}},"1":{"start":{"line":7,"column":2},"end":{"line":16,"column":4}},"2":{"start":{"line":19,"column":0},"end":{"line":22,"column":2}}},"fnMap":{"0":{"name":"TextBox","decl":{"start":{"line":5,"column":24},"end":{"line":5,"column":31}},"loc":{"start":{"line":5,"column":39},"end":{"line":17,"column":1}},"line":5}},"branchMap":{},"s":{"0":1,"1":1,"2":3},"f":{"0":1},"b":{},"_coverageSchema":"332fd63041d2c1bcb487cc26dd0d5f7d97098a6c","hash":"9e43bd7b0c5d2893cbbd78f71c386e10e2e1ccfa"}
,"/Users/henrygreen/Desktop/reviews/client/TopBar.jsx": {"path":"/Users/henrygreen/Desktop/reviews/client/TopBar.jsx","statementMap":{"0":{"start":{"line":5,"column":16},"end":{"line":12,"column":1}},"1":{"start":{"line":14,"column":14},"end":{"line":18,"column":1}},"2":{"start":{"line":20,"column":19},"end":{"line":26,"column":1}},"3":{"start":{"line":28,"column":21},"end":{"line":34,"column":1}},"4":{"start":{"line":36,"column":22},"end":{"line":39,"column":1}},"5":{"start":{"line":41,"column":17},"end":{"line":48,"column":1}},"6":{"start":{"line":50,"column":23},"end":{"line":57,"column":1}},"7":{"start":{"line":59,"column":27},"end":{"line":65,"column":1}},"8":{"start":{"line":67,"column":22},"end":{"line":73,"column":1}},"9":{"start":{"line":75,"column":17},"end":{"line":82,"column":1}},"10":{"start":{"line":84,"column":19},"end":{"line":87,"column":1}},"11":{"start":{"line":89,"column":20},"end":{"line":93,"column":1}},"12":{"start":{"line":97,"column":4},"end":{"line":97,"column":12}},"13":{"start":{"line":98,"column":4},"end":{"line":99,"column":6}},"14":{"start":{"line":103,"column":4},"end":{"line":103,"column":23}},"15":{"start":{"line":115,"column":8},"end":{"line":115,"column":18}},"16":{"start":{"line":116,"column":4},"end":{"line":214,"column":6}},"17":{"start":{"line":180,"column":22},"end":{"line":187,"column":24}},"18":{"start":{"line":192,"column":22},"end":{"line":199,"column":24}},"19":{"start":{"line":218,"column":0},"end":{"line":226,"column":2}}},"fnMap":{"0":{"name":"(anonymous_0)","decl":{"start":{"line":96,"column":2},"end":{"line":96,"column":3}},"loc":{"start":{"line":96,"column":16},"end":{"line":100,"column":3}},"line":96},"1":{"name":"(anonymous_1)","decl":{"start":{"line":102,"column":2},"end":{"line":102,"column":3}},"loc":{"start":{"line":102,"column":17},"end":{"line":104,"column":3}},"line":102},"2":{"name":"(anonymous_2)","decl":{"start":{"line":106,"column":2},"end":{"line":106,"column":3}},"loc":{"start":{"line":106,"column":11},"end":{"line":215,"column":3}},"line":106},"3":{"name":"(anonymous_3)","decl":{"start":{"line":179,"column":34},"end":{"line":179,"column":35}},"loc":{"start":{"line":180,"column":22},"end":{"line":187,"column":24}},"line":180},"4":{"name":"(anonymous_4)","decl":{"start":{"line":191,"column":34},"end":{"line":191,"column":35}},"loc":{"start":{"line":192,"column":22},"end":{"line":199,"column":24}},"line":192}},"branchMap":{},"s":{"0":2,"1":2,"2":2,"3":2,"4":2,"5":2,"6":2,"7":2,"8":2,"9":2,"10":2,"11":2,"12":2,"13":2,"14":0,"15":2,"16":2,"17":6,"18":4,"19":2},"f":{"0":2,"1":0,"2":2,"3":6,"4":4},"b":{},"_coverageSchema":"332fd63041d2c1bcb487cc26dd0d5f7d97098a6c","hash":"0d75817275ace114f92cf13bc35080b7ff52e17f"}
,"/Users/henrygreen/Desktop/reviews/client/UserInfo.jsx": {"path":"/Users/henrygreen/Desktop/reviews/client/UserInfo.jsx","statementMap":{"0":{"start":{"line":6,"column":18},"end":{"line":10,"column":1}},"1":{"start":{"line":11,"column":16},"end":{"line":15,"column":1}},"2":{"start":{"line":17,"column":19},"end":{"line":21,"column":1}},"3":{"start":{"line":23,"column":19},"end":{"line":30,"column":1}},"4":{"start":{"line":34,"column":4},"end":{"line":34,"column":17}},"5":{"start":{"line":35,"column":4},"end":{"line":37,"column":6}},"6":{"start":{"line":38,"column":4},"end":{"line":38,"column":59}},"7":{"start":{"line":39,"column":4},"end":{"line":39,"column":57}},"8":{"start":{"line":43,"column":4},"end":{"line":43,"column":23}},"9":{"start":{"line":44,"column":4},"end":{"line":44,"column":45}},"10":{"start":{"line":48,"column":4},"end":{"line":48,"column":23}},"11":{"start":{"line":49,"column":4},"end":{"line":49,"column":38}},"12":{"start":{"line":53,"column":23},"end":{"line":53,"column":33}},"13":{"start":{"line":56,"column":8},"end":{"line":56,"column":17}},"14":{"start":{"line":57,"column":25},"end":{"line":57,"column":35}},"15":{"start":{"line":58,"column":4},"end":{"line":95,"column":6}},"16":{"start":{"line":99,"column":0},"end":{"line":101,"column":2}}},"fnMap":{"0":{"name":"(anonymous_0)","decl":{"start":{"line":33,"column":2},"end":{"line":33,"column":3}},"loc":{"start":{"line":33,"column":21},"end":{"line":40,"column":3}},"line":33},"1":{"name":"(anonymous_1)","decl":{"start":{"line":42,"column":2},"end":{"line":42,"column":3}},"loc":{"start":{"line":42,"column":21},"end":{"line":45,"column":3}},"line":42},"2":{"name":"(anonymous_2)","decl":{"start":{"line":47,"column":2},"end":{"line":47,"column":3}},"loc":{"start":{"line":47,"column":20},"end":{"line":50,"column":3}},"line":47},"3":{"name":"(anonymous_3)","decl":{"start":{"line":52,"column":2},"end":{"line":52,"column":3}},"loc":{"start":{"line":52,"column":11},"end":{"line":96,"column":3}},"line":52}},"branchMap":{"0":{"loc":{"start":{"line":90,"column":11},"end":{"line":91,"column":66}},"type":"binary-expr","locations":[{"start":{"line":90,"column":11},"end":{"line":90,"column":19}},{"start":{"line":91,"column":15},"end":{"line":91,"column":66}}],"line":90}},"s":{"0":3,"1":3,"2":3,"3":3,"4":1,"5":1,"6":1,"7":1,"8":0,"9":0,"10":0,"11":0,"12":1,"13":1,"14":1,"15":1,"16":3},"f":{"0":1,"1":0,"2":0,"3":1},"b":{"0":[1,0]},"_coverageSchema":"332fd63041d2c1bcb487cc26dd0d5f7d97098a6c","hash":"e667e412b2def767526127031d69ea59ac8beac6"}
,"/Users/henrygreen/Desktop/reviews/client/index.jsx": {"path":"/Users/henrygreen/Desktop/reviews/client/index.jsx","statementMap":{"0":{"start":{"line":1,"column":0},"end":{"line":null,"column":-1}},"1":{"start":{"line":2,"column":0},"end":{"line":null,"column":-1}},"2":{"start":{"line":3,"column":0},"end":{"line":null,"column":-1}},"3":{"start":{"line":5,"column":0},"end":{"line":null,"column":-1}}},"fnMap":{},"branchMap":{},"s":{"0":0,"1":0,"2":0,"3":0},"f":{},"b":{}}
,"/Users/henrygreen/Desktop/reviews/database/dbAPI.js": {"path":"/Users/henrygreen/Desktop/reviews/database/dbAPI.js","statementMap":{"0":{"start":{"line":1,"column":13},"end":{"line":1,"column":0}},"1":{"start":{"line":2,"column":11},"end":{"line":2,"column":0}},"2":{"start":{"line":4,"column":16},"end":{"line":4,"column":0}},"3":{"start":{"line":5,"column":8},"end":{"line":5,"column":2}},"4":{"start":{"line":6,"column":2},"end":{"line":null,"column":-1}},"5":{"start":{"line":7,"column":4},"end":{"line":11,"column":5}},"6":{"start":{"line":8,"column":6},"end":{"line":null,"column":-1}},"7":{"start":{"line":10,"column":6},"end":{"line":null,"column":-1}},"8":{"start":{"line":15,"column":0},"end":{"line":null,"column":-1}}},"fnMap":{"0":{"name":"getAllReviewsOfRestaurant","decl":{"start":{"line":4,"column":25},"end":{"line":4,"column":16}},"loc":{"start":{"line":4,"column":69},"end":{"line":4,"column":0}}},"1":{"name":"(anonymous_1)","decl":{"start":{"line":6,"column":29},"end":{"line":6,"column":29}},"loc":{"start":{"line":6,"column":44},"end":{"line":6,"column":2}}}},"branchMap":{"0":{"loc":{"start":{"line":7,"column":4},"end":{"line":11,"column":5}},"type":"if","locations":[{"start":{"line":7,"column":4},"end":{"line":11,"column":5}},{"start":{"line":7,"column":4},"end":{"line":11,"column":5}}]}},"s":{"0":0,"1":0,"2":0,"3":0,"4":0,"5":0,"6":0,"7":0,"8":0},"f":{"0":0,"1":0},"b":{"0":[0,0]}}
,"/Users/henrygreen/Desktop/reviews/database/index.js": {"path":"/Users/henrygreen/Desktop/reviews/database/index.js","statementMap":{"0":{"start":{"line":1,"column":14},"end":{"line":1,"column":0}},"1":{"start":{"line":3,"column":19},"end":{"line":3,"column":0}},"2":{"start":{"line":9,"column":0},"end":{"line":null,"column":-1}},"3":{"start":{"line":12,"column":0},"end":{"line":null,"column":-1}}},"fnMap":{},"branchMap":{},"s":{"0":0,"1":0,"2":0,"3":0},"f":{},"b":{}}
,"/Users/henrygreen/Desktop/reviews/server/server.js": {"path":"/Users/henrygreen/Desktop/reviews/server/server.js","statementMap":{"0":{"start":{"line":1,"column":16},"end":{"line":1,"column":0}},"1":{"start":{"line":2,"column":13},"end":{"line":2,"column":0}},"2":{"start":{"line":3,"column":19},"end":{"line":3,"column":0}},"3":{"start":{"line":4,"column":11},"end":{"line":4,"column":0}},"4":{"start":{"line":6,"column":12},"end":{"line":6,"column":0}},"5":{"start":{"line":7,"column":13},"end":{"line":7,"column":0}},"6":{"start":{"line":9,"column":0},"end":{"line":null,"column":-1}},"7":{"start":{"line":11,"column":0},"end":{"line":null,"column":-1}},"8":{"start":{"line":12,"column":2},"end":{"line":null,"column":-1}},"9":{"start":{"line":13,"column":2},"end":{"line":null,"column":-1}},"10":{"start":{"line":16,"column":0},"end":{"line":null,"column":-1}},"11":{"start":{"line":18,"column":0},"end":{"line":null,"column":-1}},"12":{"start":{"line":19,"column":20},"end":{"line":18,"column":51}},"13":{"start":{"line":20,"column":2},"end":{"line":null,"column":-1}},"14":{"start":{"line":21,"column":2},"end":{"line":null,"column":-1}},"15":{"start":{"line":22,"column":4},"end":{"line":26,"column":5}},"16":{"start":{"line":23,"column":6},"end":{"line":null,"column":-1}},"17":{"start":{"line":25,"column":6},"end":{"line":null,"column":-1}},"18":{"start":{"line":30,"column":0},"end":{"line":null,"column":-1}},"19":{"start":{"line":31,"column":2},"end":{"line":null,"column":-1}}},"fnMap":{"0":{"name":"(anonymous_0)","decl":{"start":{"line":11,"column":13},"end":{"line":11,"column":13}},"loc":{"start":{"line":11,"column":33},"end":{"line":11,"column":0}}},"1":{"name":"(anonymous_1)","decl":{"start":{"line":18,"column":37},"end":{"line":18,"column":37}},"loc":{"start":{"line":18,"column":51},"end":{"line":18,"column":0}}},"2":{"name":"(anonymous_2)","decl":{"start":{"line":21,"column":20},"end":{"line":21,"column":20}},"loc":{"start":{"line":21,"column":38},"end":{"line":21,"column":2}}},"3":{"name":"(anonymous_3)","decl":{"start":{"line":30,"column":17},"end":{"line":30,"column":22}},"loc":{"start":{"line":30,"column":23},"end":{"line":30,"column":0}}}},"branchMap":{"0":{"loc":{"start":{"line":7,"column":13},"end":{"line":7,"column":12}},"type":"binary-expr","locations":[{"start":{"line":7,"column":13},"end":{"line":7,"column":12}},{"start":{"line":7,"column":33},"end":{"line":7,"column":0}}]},"1":{"loc":{"start":{"line":22,"column":4},"end":{"line":26,"column":5}},"type":"if","locations":[{"start":{"line":22,"column":4},"end":{"line":26,"column":5}},{"start":{"line":22,"column":4},"end":{"line":26,"column":5}}]}},"s":{"0":0,"1":0,"2":0,"3":0,"4":0,"5":0,"6":0,"7":0,"8":0,"9":0,"10":0,"11":0,"12":0,"13":0,"14":0,"15":0,"16":0,"17":0,"18":0,"19":0},"f":{"0":0,"1":0,"2":0,"3":0},"b":{"0":[0,0],"1":[0,0]}}
}
