TN:
SF:/Users/henrygreen/Desktop/reviews/client/LinkBox.jsx
FN:13,LinkBox
FNF:1
FNH:1
FNDA:2,LinkBox
DA:5,4
DA:14,2
DA:15,2
DA:16,2
DA:18,2
DA:40,4
LF:6
LH:6
BRF:0
BRH:0
end_of_record
TN:
SF:/Users/henrygreen/Desktop/reviews/client/ReviewModule.jsx
FN:7,(anonymous_0)
FN:35,(anonymous_1)
FN:40,(anonymous_2)
FN:45,(anonymous_3)
FN:52,(anonymous_4)
FN:57,(anonymous_5)
FN:64,(anonymous_6)
FN:78,(anonymous_7)
FN:81,(anonymous_8)
FN:90,(anonymous_9)
FNF:10
FNH:8
FNDA:5,(anonymous_0)
FNDA:5,(anonymous_1)
FNDA:5,(anonymous_2)
FNDA:0,(anonymous_3)
FNDA:0,(anonymous_4)
FNDA:1,(anonymous_5)
FNDA:1,(anonymous_6)
FNDA:1,(anonymous_7)
FNDA:2,(anonymous_8)
FNDA:8,(anonymous_9)
DA:8,5
DA:9,5
DA:29,5
DA:30,5
DA:31,5
DA:32,5
DA:36,5
DA:37,5
DA:41,5
DA:46,0
DA:47,0
DA:53,0
DA:54,0
DA:58,1
DA:65,1
DA:66,1
DA:67,1
DA:68,1
DA:69,1
DA:70,2
DA:72,1
DA:73,3
DA:75,1
DA:79,1
DA:80,1
DA:81,2
DA:82,1
DA:83,1
DA:84,1
DA:86,0
DA:87,0
DA:93,8
DA:95,8
DA:96,8
LF:34
LH:28
BRDA:80,0,0,1
BRDA:80,0,1,0
BRF:2
BRH:1
end_of_record
TN:
SF:/Users/henrygreen/Desktop/reviews/client/Reviews.jsx
FN:48,(anonymous_0)
FN:54,(anonymous_1)
FN:58,(anonymous_2)
FNF:3
FNH:3
FNDA:1,(anonymous_0)
FNDA:1,(anonymous_1)
FNDA:1,(anonymous_2)
DA:7,2
DA:11,2
DA:20,2
DA:26,2
DA:33,2
DA:40,2
DA:49,1
DA:50,1
DA:55,1
DA:56,1
DA:59,1
DA:86,2
LF:12
LH:12
BRF:0
BRH:0
end_of_record
TN:
SF:/Users/henrygreen/Desktop/reviews/client/Stardate.jsx
FN:10,(anonymous_0)
FN:19,(anonymous_1)
FN:33,(anonymous_2)
FN:41,(anonymous_3)
FN:46,(anonymous_4)
FN:55,(anonymous_5)
FNF:6
FNH:6
FNDA:1,(anonymous_0)
FNDA:1,(anonymous_1)
FNDA:1,(anonymous_2)
FNDA:3,(anonymous_3)
FNDA:6,(anonymous_4)
FNDA:9,(anonymous_5)
DA:5,4
DA:11,1
DA:13,1
DA:20,1
DA:21,1
DA:22,1
DA:23,1
DA:24,3
DA:26,1
DA:27,2
DA:29,1
DA:30,1
DA:34,1
DA:35,1
DA:36,1
DA:37,1
DA:38,1
DA:42,3
DA:43,3
DA:47,6
DA:56,9
DA:71,4
LF:22
LH:22
BRF:0
BRH:0
end_of_record
TN:
SF:/Users/henrygreen/Desktop/reviews/client/TextBox.jsx
FN:5,TextBox
FNF:1
FNH:1
FNDA:1,TextBox
DA:6,1
DA:7,1
DA:19,3
LF:3
LH:3
BRF:0
BRH:0
end_of_record
TN:
SF:/Users/henrygreen/Desktop/reviews/client/TopBar.jsx
FN:96,(anonymous_0)
FN:102,(anonymous_1)
FN:106,(anonymous_2)
FN:179,(anonymous_3)
FN:191,(anonymous_4)
FNF:5
FNH:4
FNDA:2,(anonymous_0)
FNDA:0,(anonymous_1)
FNDA:2,(anonymous_2)
FNDA:6,(anonymous_3)
FNDA:4,(anonymous_4)
DA:5,2
DA:14,2
DA:20,2
DA:28,2
DA:36,2
DA:41,2
DA:50,2
DA:59,2
DA:67,2
DA:75,2
DA:84,2
DA:89,2
DA:97,2
DA:98,2
DA:103,0
DA:115,2
DA:116,2
DA:180,6
DA:192,4
DA:218,2
LF:20
LH:19
BRF:0
BRH:0
end_of_record
TN:
SF:/Users/henrygreen/Desktop/reviews/client/UserInfo.jsx
FN:33,(anonymous_0)
FN:42,(anonymous_1)
FN:47,(anonymous_2)
FN:52,(anonymous_3)
FNF:4
FNH:2
FNDA:1,(anonymous_0)
FNDA:0,(anonymous_1)
FNDA:0,(anonymous_2)
FNDA:1,(anonymous_3)
DA:6,3
DA:11,3
DA:17,3
DA:23,3
DA:34,1
DA:35,1
DA:38,1
DA:39,1
DA:43,0
DA:44,0
DA:48,0
DA:49,0
DA:53,1
DA:56,1
DA:57,1
DA:58,1
DA:99,3
LF:17
LH:13
BRDA:90,0,0,1
BRDA:90,0,1,0
BRF:2
BRH:1
end_of_record
TN:
SF:/Users/henrygreen/Desktop/reviews/client/index.jsx
FNF:0
FNH:0
DA:1,0
DA:2,0
DA:3,0
DA:5,0
LF:4
LH:0
BRF:0
BRH:0
end_of_record
TN:
SF:/Users/henrygreen/Desktop/reviews/database/dbAPI.js
FN:4,getAllReviewsOfRestaurant
FN:6,(anonymous_1)
FNF:2
FNH:0
FNDA:0,getAllReviewsOfRestaurant
FNDA:0,(anonymous_1)
DA:1,0
DA:2,0
DA:4,0
DA:5,0
DA:6,0
DA:7,0
DA:8,0
DA:10,0
DA:15,0
LF:9
LH:0
BRDA:7,0,0,0
BRDA:7,0,1,0
BRF:2
BRH:0
end_of_record
TN:
SF:/Users/henrygreen/Desktop/reviews/database/index.js
FNF:0
FNH:0
DA:1,0
DA:3,0
DA:9,0
DA:12,0
LF:4
LH:0
BRF:0
BRH:0
end_of_record
TN:
SF:/Users/henrygreen/Desktop/reviews/server/server.js
FN:11,(anonymous_0)
FN:18,(anonymous_1)
FN:21,(anonymous_2)
FN:30,(anonymous_3)
FNF:4
FNH:0
FNDA:0,(anonymous_0)
FNDA:0,(anonymous_1)
FNDA:0,(anonymous_2)
FNDA:0,(anonymous_3)
DA:1,0
DA:2,0
DA:3,0
DA:4,0
DA:6,0
DA:7,0
DA:9,0
DA:11,0
DA:12,0
DA:13,0
DA:16,0
DA:18,0
DA:19,0
DA:20,0
DA:21,0
DA:22,0
DA:23,0
DA:25,0
DA:30,0
DA:31,0
LF:20
LH:0
BRDA:7,0,0,0
BRDA:7,0,1,0
BRDA:22,1,0,0
BRDA:22,1,1,0
BRF:4
BRH:0
end_of_record
